2020-02-10 17:07:56 +0000  Initial pipeline context: <IDEDistributionProcessingPipelineContext: 0x7fe54af1fc30; archive(resolved)='<IDEArchive: 0x7fe54c081910>', distributionTask(resolved)='2', distributionDestination(resolved)='1', distributionMethod(resolved)='<IDEDistributionMethodAdHoc: 0x7fe549a8c430>', team(resolved)='<IDEProvisioningDisambiguatableBasicTeam: 0x7fe5498f3ac0; teamID='YB3BR67396', teamName='Panasonic Automotive Systems Company of America', teamType='(null)', username='(null)', isFreeProvisioningTeam='0'>'>
	Chain (13, self inclusive):
	<IDEDistributionProcessingPipelineContext: 0x7fe54af1fc30; archive = '<IDEArchive: 0x7fe54c081910>', distributionMethod='<IDEDistributionMethodAdHoc: 0x7fe549a8c430>', team='<IDEProvisioningDisambiguatableBasicTeam: 0x7fe5498f3ac0; teamID='YB3BR67396', teamName='Panasonic Automotive Systems Company of America', teamType='(null)', username='(null)', isFreeProvisioningTeam='0'>'>
	<IDEDistributionProcessingPipelineContext: 0x7fe54af26620; archive = '<IDEArchive: 0x7fe54c081910>', distributionMethod='<IDEDistributionMethodAdHoc: 0x7fe549a8c430>', team='<IDEProvisioningDisambiguatableBasicTeam: 0x7fe5498f3ac0; teamID='YB3BR67396', teamName='Panasonic Automotive Systems Company of America', teamType='(null)', username='(null)', isFreeProvisioningTeam='0'>'>
	<IDEDistributionContext: 0x7fe54ab36bc0; archive = '<IDEArchive: 0x7fe54c081910>', distributionMethod='<IDEDistributionMethodAdHoc: 0x7fe549a8c430>', team='<IDEProvisioningDisambiguatableBasicTeam: 0x7fe5498f3ac0; teamID='YB3BR67396', teamName='Panasonic Automotive Systems Company of America', teamType='(null)', username='(null)', isFreeProvisioningTeam='0'>'>
	<IDEDistributionContext: 0x7fe54c7c75a0; archive = '<IDEArchive: 0x7fe54c081910>', distributionMethod='<IDEDistributionMethodAdHoc: 0x7fe549a8c430>', team='<IDEProvisioningDisambiguatableBasicTeam: 0x7fe5498f3ac0; teamID='YB3BR67396', teamName='Panasonic Automotive Systems Company of America', teamType='(null)', username='(null)', isFreeProvisioningTeam='0'>'>
	<IDEDistributionContext: 0x7fe54c725ed0; archive = '<IDEArchive: 0x7fe54c081910>', distributionMethod='<IDEDistributionMethodAdHoc: 0x7fe549a8c430>', team='<IDEProvisioningDisambiguatableBasicTeam: 0x7fe5498f3ac0; teamID='YB3BR67396', teamName='Panasonic Automotive Systems Company of America', teamType='(null)', username='(null)', isFreeProvisioningTeam='0'>'>
	<IDEDistributionContext: 0x7fe54c9429b0; archive = '<IDEArchive: 0x7fe54c081910>', distributionMethod='<IDEDistributionMethodAdHoc: 0x7fe549a8c430>', team='<IDEProvisioningDisambiguatableBasicTeam: 0x7fe5498f3ac0; teamID='YB3BR67396', teamName='Panasonic Automotive Systems Company of America', teamType='(null)', username='(null)', isFreeProvisioningTeam='0'>'>
	<IDEDistributionContext: 0x7fe52d55c030; archive = '<IDEArchive: 0x7fe54c081910>', distributionMethod='<IDEDistributionMethodAdHoc: 0x7fe549a8c430>', team='<IDEProvisioningDisambiguatableBasicTeam: 0x7fe5498f3ac0; teamID='YB3BR67396', teamName='Panasonic Automotive Systems Company of America', teamType='(null)', username='(null)', isFreeProvisioningTeam='0'>'>
	<IDEDistributionContext: 0x7fe52d532330; archive = '<IDEArchive: 0x7fe54c081910>', distributionMethod='<IDEDistributionMethodAdHoc: 0x7fe549a8c430>', team='<IDEProvisioningDisambiguatableBasicTeam: 0x7fe5498f3ac0; teamID='YB3BR67396', teamName='Panasonic Automotive Systems Company of America', teamType='(null)', username='(null)', isFreeProvisioningTeam='0'>'>
	<IDEDistributionContext: 0x7fe549b199c0; archive = '<IDEArchive: 0x7fe54c081910>', distributionMethod='<IDEDistributionMethodAdHoc: 0x7fe549a8c430>', team='<IDEProvisioningDisambiguatableBasicTeam: 0x7fe5498f3ac0; teamID='YB3BR67396', teamName='Panasonic Automotive Systems Company of America', teamType='(null)', username='(null)', isFreeProvisioningTeam='0'>'>
	<IDEDistributionContext: 0x7fe549c7d2b0; archive = '<IDEArchive: 0x7fe54c081910>', distributionMethod='<IDEDistributionMethodAdHoc: 0x7fe549a8c430>', team='(null)'>
	<IDEDistributionContext: 0x7fe54ab29e10; archive = '<IDEArchive: 0x7fe54c081910>', distributionMethod='<IDEDistributionMethodAdHoc: 0x7fe549a8c430>', team='(null)'>
	<IDEDistributionContext: 0x7fe52d53aa00; archive = '<IDEArchive: 0x7fe54c081910>', distributionMethod='<IDEDistributionMethodAdHoc: 0x7fe549a8c430>', team='(null)'>
	<IDEDistributionContext: 0x7fe54c0d1f40; archive = '<IDEArchive: 0x7fe54c081910>', distributionMethod='(null)', team='(null)'>
</IDEDistributionProcessingPipelineContext: 0x7fe54af1fc30>
2020-02-10 17:07:56 +0000  Processing step: IDEDistributionCreateDestRootStep
2020-02-10 17:07:56 +0000  Processing step: IDEDistributionCopyItemStep
2020-02-10 17:07:56 +0000  Running /usr/bin/ditto '-V' '/Users/sarah/Library/Developer/Xcode/Archives/2020-02-07/Unity-iPhone 2-7-20, 12.04 PM.xcarchive/Products/Applications/GameChanger.app' '/var/folders/1w/2_16wnms6v956x1yq9pcgxjr0000gn/T/XcodeDistPipeline.~~~Ry66oI/Root/Payload/GameChanger.app'
2020-02-10 17:07:56 +0000  >>> Copying /Users/sarah/Library/Developer/Xcode/Archives/2020-02-07/Unity-iPhone 2-7-20, 12.04 PM.xcarchive/Products/Applications/GameChanger.app 
2020-02-10 17:07:56 +0000  copying file ./_CodeSignature/CodeResources ... 
2020-02-10 17:07:56 +0000  19027 bytes for ./_CodeSignature/CodeResources
2020-02-10 17:07:56 +0000  copying file ./LaunchImage-1100-Portrait-2436h@3x.png ... 
2020-02-10 17:07:56 +0000  14552 bytes for ./LaunchImage-1100-Portrait-2436h@3x.png
2020-02-10 17:07:56 +0000  copying file ./LaunchImage-1200-Landscape-1792h@2x.png ... 
2020-02-10 17:07:56 +0000  7622 bytes for ./LaunchImage-1200-Landscape-1792h@2x.png
2020-02-10 17:07:56 +0000  copying file ./LaunchScreen-iPhonePortrait.png ... 
2020-02-10 17:07:56 +0000  138 bytes for ./LaunchScreen-iPhonePortrait.png
2020-02-10 17:07:56 +0000  copying file ./LaunchScreen-iPhoneLandscape.png ... 
2020-02-10 17:07:56 +0000  138 bytes for ./LaunchScreen-iPhoneLandscape.png
2020-02-10 17:07:56 +0000  copying file ./LaunchScreen-iPad.nib/objects-13.0+.nib ... 
2020-02-10 17:07:56 +0000  1482 bytes for ./LaunchScreen-iPad.nib/objects-13.0+.nib
copying file ./LaunchScreen-iPad.nib/runtime.nib ... 
2020-02-10 17:07:56 +0000  1482 bytes for ./LaunchScreen-iPad.nib/runtime.nib
2020-02-10 17:07:56 +0000  copying file ./LaunchScreen-iPhone.nib/objects-13.0+.nib ... 
2020-02-10 17:07:56 +0000  1492 bytes for ./LaunchScreen-iPhone.nib/objects-13.0+.nib
2020-02-10 17:07:56 +0000  copying file ./LaunchScreen-iPhone.nib/runtime.nib ... 
2020-02-10 17:07:56 +0000  1492 bytes for ./LaunchScreen-iPhone.nib/runtime.nib
2020-02-10 17:07:56 +0000  copying file ./AppIcon60x60@2x.png ... 
2020-02-10 17:07:56 +0000  17787 bytes for ./AppIcon60x60@2x.png
2020-02-10 17:07:56 +0000  copying file ./LaunchImage-1100-Landscape-2436h@3x.png ... 
2020-02-10 17:07:56 +0000  12707 bytes for ./LaunchImage-1100-Landscape-2436h@3x.png
2020-02-10 17:07:56 +0000  copying file ./LaunchImage-800-667h@2x.png ... 
2020-02-10 17:07:56 +0000  5949 bytes for ./LaunchImage-800-667h@2x.png
copying file ./LaunchImage-1200-Portrait-2688h@3x.png ... 
2020-02-10 17:07:56 +0000  17633 bytes for ./LaunchImage-1200-Portrait-2688h@3x.png
2020-02-10 17:07:56 +0000  copying file ./LaunchScreen-iPad.png ... 
2020-02-10 17:07:56 +0000  138 bytes for ./LaunchScreen-iPad.png
2020-02-10 17:07:56 +0000  copying file ./LaunchImage-700-Portrait~ipad.png ... 
2020-02-10 17:07:56 +0000  4691 bytes for ./LaunchImage-700-Portrait~ipad.png
2020-02-10 17:07:56 +0000  copying file ./Assets.car ... 
2020-02-10 17:07:56 +0000  614072 bytes for ./Assets.car
copying file ./AppIcon76x76@2x~ipad.png ... 
2020-02-10 17:07:56 +0000  25893 bytes for ./AppIcon76x76@2x~ipad.png
2020-02-10 17:07:56 +0000  copying file ./LaunchImage-800-Portrait-736h@3x.png ... 
2020-02-10 17:07:56 +0000  14196 bytes for ./LaunchImage-800-Portrait-736h@3x.png
2020-02-10 17:07:56 +0000  copying file ./GameChanger ... 
2020-02-10 17:07:57 +0000  210347040 bytes for ./GameChanger
copying file ./LaunchImage-700@2x.png ... 
2020-02-10 17:07:57 +0000  3933 bytes for ./LaunchImage-700@2x.png
copying file ./LaunchImage-700-568h@2x.png ... 
4617 bytes for ./LaunchImage-700-568h@2x.png
copying file ./LaunchImage-1200-Portrait-1792h@2x.png ... 
8862 bytes for ./LaunchImage-1200-Portrait-1792h@2x.png
copying file ./LaunchImage-700-Landscape@2x~ipad.png ... 
2020-02-10 17:07:57 +0000  14943 bytes for ./LaunchImage-700-Landscape@2x~ipad.png
2020-02-10 17:07:57 +0000  copying file ./Frameworks/Vuforia.framework/_CodeSignature/CodeResources ... 
2020-02-10 17:07:57 +0000  2232 bytes for ./Frameworks/Vuforia.framework/_CodeSignature/CodeResources
2020-02-10 17:07:57 +0000  copying file ./Frameworks/Vuforia.framework/Vuforia.meta ... 
2020-02-10 17:07:57 +0000  155 bytes for ./Frameworks/Vuforia.framework/Vuforia.meta
2020-02-10 17:07:57 +0000  copying file ./Frameworks/Vuforia.framework/Info.plist.meta ... 
2020-02-10 17:07:57 +0000  155 bytes for ./Frameworks/Vuforia.framework/Info.plist.meta
2020-02-10 17:07:57 +0000  copying file ./Frameworks/Vuforia.framework/Vuforia ... 
2020-02-10 17:07:57 +0000  116965760 bytes for ./Frameworks/Vuforia.framework/Vuforia
2020-02-10 17:07:57 +0000  copying file ./Frameworks/Vuforia.framework/Info.plist ... 
2020-02-10 17:07:57 +0000  754 bytes for ./Frameworks/Vuforia.framework/Info.plist
2020-02-10 17:07:57 +0000  copying file ./Vuforia/VuforiaMars_VuMark.xml ... 
2020-02-10 17:07:57 +0000  174 bytes for ./Vuforia/VuforiaMars_VuMark.xml
copying file ./Vuforia/koi_model.dat ... 
2020-02-10 17:07:57 +0000  906338 bytes for ./Vuforia/koi_model.dat
copying file ./Vuforia/koi_model.xml ... 
2020-02-10 17:07:57 +0000  1455 bytes for ./Vuforia/koi_model.xml
copying file ./Vuforia/VuforiaMars_VuMark.dat ... 
2020-02-10 17:07:57 +0000  36825 bytes for ./Vuforia/VuforiaMars_VuMark.dat
copying file ./Vuforia/PANA09-13.dat ... 
2020-02-10 17:07:57 +0000  51831 bytes for ./Vuforia/PANA09-13.dat
copying file ./Vuforia/PANA09-13.xml ... 
2020-02-10 17:07:57 +0000  323 bytes for ./Vuforia/PANA09-13.xml
2020-02-10 17:07:57 +0000  copying file ./Vuforia/VuforiaMars_Images.dat ... 
2020-02-10 17:07:57 +0000  801555 bytes for ./Vuforia/VuforiaMars_Images.dat
copying file ./Vuforia/VuforiaMars_Images.xml ... 
2020-02-10 17:07:57 +0000  1512 bytes for ./Vuforia/VuforiaMars_Images.xml
2020-02-10 17:07:57 +0000  copying file ./embedded.mobileprovision ... 
2020-02-10 17:07:57 +0000  7822 bytes for ./embedded.mobileprovision
2020-02-10 17:07:57 +0000  copying file ./Data/Managed/TypesInScenes.xml ... 
2020-02-10 17:07:57 +0000  7975 bytes for ./Data/Managed/TypesInScenes.xml
2020-02-10 17:07:57 +0000  copying file ./Data/Managed/Resources/mscorlib.dll-resources.dat ... 
2020-02-10 17:07:57 +0000  337563 bytes for ./Data/Managed/Resources/mscorlib.dll-resources.dat
2020-02-10 17:07:57 +0000  copying file ./Data/Managed/UnityLinkerToEditorData.json ... 
2020-02-10 17:07:57 +0000  27 bytes for ./Data/Managed/UnityLinkerToEditorData.json
2020-02-10 17:07:57 +0000  copying file ./Data/Managed/mono/2.0/machine.config ... 
2020-02-10 17:07:57 +0000  27625 bytes for ./Data/Managed/mono/2.0/machine.config
2020-02-10 17:07:57 +0000  copying file ./Data/Managed/mono/4.0/machine.config ... 
2020-02-10 17:07:57 +0000  33648 bytes for ./Data/Managed/mono/4.0/machine.config
2020-02-10 17:07:57 +0000  copying file ./Data/Managed/EditorToUnityLinkerData.json ... 
2020-02-10 17:07:57 +0000  64784 bytes for ./Data/Managed/EditorToUnityLinkerData.json
2020-02-10 17:07:57 +0000  copying file ./Data/Managed/Metadata/global-metadata.dat ... 
2020-02-10 17:07:57 +0000  2694088 bytes for ./Data/Managed/Metadata/global-metadata.dat
2020-02-10 17:07:57 +0000  copying file ./Data/sharedassets0.resource ... 
2020-02-10 17:07:57 +0000  6634278 bytes for ./Data/sharedassets0.resource
2020-02-10 17:07:57 +0000  copying file ./Data/globalgamemanagers ... 
2020-02-10 17:07:57 +0000  48696 bytes for ./Data/globalgamemanagers
2020-02-10 17:07:57 +0000  copying file ./Data/sharedassets1.assets.resS ... 
2020-02-10 17:07:57 +0000  56626940 bytes for ./Data/sharedassets1.assets.resS
copying file ./Data/sharedassets1.assets ... 
2020-02-10 17:07:57 +0000  12244916 bytes for ./Data/sharedassets1.assets
2020-02-10 17:07:57 +0000  copying file ./Data/boot.config ... 
123 bytes for ./Data/boot.config
copying file ./Data/resources.assets ... 
2020-02-10 17:07:57 +0000  2820124 bytes for ./Data/resources.assets
2020-02-10 17:07:57 +0000  copying file ./Data/Resources/unity_builtin_extra ... 
2020-02-10 17:07:57 +0000  682364 bytes for ./Data/Resources/unity_builtin_extra
2020-02-10 17:07:57 +0000  copying file ./Data/unity default resources ... 
2020-02-10 17:07:57 +0000  6345772 bytes for ./Data/unity default resources
copying file ./Data/sharedassets0.assets.resS ... 
2020-02-10 17:07:57 +0000  4222780 bytes for ./Data/sharedassets0.assets.resS
2020-02-10 17:07:57 +0000  copying file ./Data/sharedassets0.assets ... 
2020-02-10 17:07:57 +0000  459148 bytes for ./Data/sharedassets0.assets
copying file ./Data/globalgamemanagers.assets.resS ... 
2020-02-10 17:07:57 +0000  12446876 bytes for ./Data/globalgamemanagers.assets.resS
2020-02-10 17:07:57 +0000  copying file ./Data/level0 ... 
19680 bytes for ./Data/level0
copying file ./Data/level1 ... 
2020-02-10 17:07:57 +0000  209796 bytes for ./Data/level1
2020-02-10 17:07:57 +0000  copying file ./Data/Raw/Vuforia/VuforiaMars_VuMark.xml ... 
2020-02-10 17:07:57 +0000  174 bytes for ./Data/Raw/Vuforia/VuforiaMars_VuMark.xml
copying file ./Data/Raw/Vuforia/koi_model.dat ... 
2020-02-10 17:07:57 +0000  906338 bytes for ./Data/Raw/Vuforia/koi_model.dat
2020-02-10 17:07:57 +0000  copying file ./Data/Raw/Vuforia/koi_model.xml ... 
2020-02-10 17:07:57 +0000  1455 bytes for ./Data/Raw/Vuforia/koi_model.xml
copying file ./Data/Raw/Vuforia/VuforiaMars_VuMark.dat ... 
2020-02-10 17:07:57 +0000  36825 bytes for ./Data/Raw/Vuforia/VuforiaMars_VuMark.dat
2020-02-10 17:07:57 +0000  copying file ./Data/Raw/Vuforia/PANA09-13.dat ... 
2020-02-10 17:07:57 +0000  51831 bytes for ./Data/Raw/Vuforia/PANA09-13.dat
2020-02-10 17:07:57 +0000  copying file ./Data/Raw/Vuforia/PANA09-13.xml ... 
2020-02-10 17:07:57 +0000  323 bytes for ./Data/Raw/Vuforia/PANA09-13.xml
2020-02-10 17:07:57 +0000  copying file ./Data/Raw/Vuforia/VuforiaMars_Images.dat ... 
2020-02-10 17:07:57 +0000  801555 bytes for ./Data/Raw/Vuforia/VuforiaMars_Images.dat
2020-02-10 17:07:57 +0000  copying file ./Data/Raw/Vuforia/VuforiaMars_Images.xml ... 
2020-02-10 17:07:57 +0000  1512 bytes for ./Data/Raw/Vuforia/VuforiaMars_Images.xml
2020-02-10 17:07:57 +0000  copying file ./Data/globalgamemanagers.assets ... 
2020-02-10 17:07:57 +0000  90076 bytes for ./Data/globalgamemanagers.assets
2020-02-10 17:07:57 +0000  copying file ./LaunchImage-800-Landscape-736h@3x.png ... 
2020-02-10 17:07:57 +0000  12887 bytes for ./LaunchImage-800-Landscape-736h@3x.png
2020-02-10 17:07:57 +0000  copying file ./LaunchImage-700-Portrait@2x~ipad.png ... 
2020-02-10 17:07:57 +0000  15515 bytes for ./LaunchImage-700-Portrait@2x~ipad.png
copying file ./LaunchImage-700-Landscape~ipad.png ... 
2020-02-10 17:07:57 +0000  4433 bytes for ./LaunchImage-700-Landscape~ipad.png
2020-02-10 17:07:57 +0000  copying file ./Info.plist ... 
2020-02-10 17:07:57 +0000  2678 bytes for ./Info.plist
copying file ./profile.json ... 
2020-02-10 17:07:57 +0000  33201 bytes for ./profile.json
2020-02-10 17:07:57 +0000  copying file ./LaunchImage-1200-Landscape-2688h@3x.png ... 
2020-02-10 17:07:57 +0000  15608 bytes for ./LaunchImage-1200-Landscape-2688h@3x.png
2020-02-10 17:07:57 +0000  copying file ./PkgInfo ... 
2020-02-10 17:07:57 +0000  8 bytes for ./PkgInfo
2020-02-10 17:07:57 +0000  /usr/bin/ditto exited with 0
2020-02-10 17:07:57 +0000  Processing step: IDEDistributionEmbedProfileStep
2020-02-10 17:07:57 +0000  Skipping profile for item: <IDEDistributionItem: 0x7fe549de2330; bundleID='com.vuforia.Vuforia', path='<DVTFilePath:0x7fe52d581ae0:'/Users/sarah/Library/Developer/Xcode/Archives/2020-02-07/Unity-iPhone 2-7-20, 12.04 PM.xcarchive/Products/Applications/GameChanger.app/Frameworks/Vuforia.framework'>', codeSigningInfo='<_DVTCodeSigningInformation_Path: 0x7fe52d501030; isSigned='1', isAdHocSigned='0', signingCertificate='<DVTSigningCertificate: 0x7fe52d562d90; name='iPhone Distribution: Panasonic Automotive Systems Company of America (YB3BR67396)', hash='1D7FD294C77B887A126CCE77CBEAF8B74640659D', serialNumber='4BB28D77EB4A4615', certificateKinds='(
    "1.2.840.113635.100.6.1.4"
), issueDate='2019-10-30 17:08:07 +0000''>', entitlements='(null)', teamID='YB3BR67396', identifier='com.vuforia.Vuforia', executablePath='<DVTFilePath:0x7fe54c6f3a40:'/Users/sarah/Library/Developer/Xcode/Archives/2020-02-07/Unity-iPhone 2-7-20, 12.04 PM.xcarchive/Products/Applications/GameChanger.app/Frameworks/Vuforia.framework/Vuforia'>', hardenedRuntime='0'>'>
2020-02-10 17:07:57 +0000  Processing step: IDEDistributionAppThinningPlistStep
2020-02-10 17:07:57 +0000  Skipping step: IDEDistributionAppThinningPlistStep because it said so
2020-02-10 17:07:57 +0000  Processing step: IDEDistributionCompileBitcodeStep
2020-02-10 17:07:57 +0000  Skipping step: IDEDistributionCompileBitcodeStep because it said so
2020-02-10 17:07:57 +0000  Processing step: IDEDistributionCodeSlimmingStep
2020-02-10 17:07:57 +0000  Processing step: IDEDistributionCopyBCSymbolMapsStep
2020-02-10 17:07:57 +0000  Skipping step: IDEDistributionCopyBCSymbolMapsStep because it said so
2020-02-10 17:07:57 +0000  Skipping step: IDEDistributionCopyBCSymbolMapsStep because it said so
2020-02-10 17:07:57 +0000  Processing step: IDEDistributionSymbolsStep
2020-02-10 17:07:57 +0000  Skipping step: IDEDistributionSymbolsStep because it said so
2020-02-10 17:07:57 +0000  Skipping step: IDEDistributionSymbolsStep because it said so
2020-02-10 17:07:57 +0000  Processing step: IDEDistributionAppThinningStep
2020-02-10 17:07:57 +0000  Skipping step: IDEDistributionAppThinningStep because it said so
2020-02-10 17:07:57 +0000  Processing step: IDEDistributionArchThinningStep
2020-02-10 17:07:57 +0000  Running /Applications/Xcode.app/Contents/Developer/Toolchains/XcodeDefault.xctoolchain/usr/bin/lipo '/var/folders/1w/2_16wnms6v956x1yq9pcgxjr0000gn/T/XcodeDistPipeline.~~~Ry66oI/Root/Payload/GameChanger.app/Frameworks/Vuforia.framework/Vuforia' '-verify_arch' 'arm64e'
2020-02-10 17:07:57 +0000  /Applications/Xcode.app/Contents/Developer/Toolchains/XcodeDefault.xctoolchain/usr/bin/lipo exited with 1
2020-02-10 17:07:57 +0000  Skipping architecture thinning for item "Vuforia" because arch "arm64e" wasn't found
2020-02-10 17:07:57 +0000  Running /Applications/Xcode.app/Contents/Developer/Toolchains/XcodeDefault.xctoolchain/usr/bin/lipo '/var/folders/1w/2_16wnms6v956x1yq9pcgxjr0000gn/T/XcodeDistPipeline.~~~Ry66oI/Root/Payload/GameChanger.app/GameChanger' '-verify_arch' 'arm64e'
2020-02-10 17:07:57 +0000  /Applications/Xcode.app/Contents/Developer/Toolchains/XcodeDefault.xctoolchain/usr/bin/lipo exited with 1
2020-02-10 17:07:57 +0000  Skipping architecture thinning for item "GameChanger" because arch "arm64e" wasn't found
2020-02-10 17:07:57 +0000  Processing step: IDEDistributionODRStep
2020-02-10 17:07:57 +0000  Processing step: IDEDistributionStripXattrsStep
2020-02-10 17:07:57 +0000  Skipping stripping extended attributes of item: <IDEDistributionItem: 0x7fe549de2330; bundleID='com.vuforia.Vuforia', path='<DVTFilePath:0x7fe52d581ae0:'/Users/sarah/Library/Developer/Xcode/Archives/2020-02-07/Unity-iPhone 2-7-20, 12.04 PM.xcarchive/Products/Applications/GameChanger.app/Frameworks/Vuforia.framework'>', codeSigningInfo='<_DVTCodeSigningInformation_Path: 0x7fe52d501030; isSigned='1', isAdHocSigned='0', signingCertificate='<DVTSigningCertificate: 0x7fe52d562d90; name='iPhone Distribution: Panasonic Automotive Systems Company of America (YB3BR67396)', hash='1D7FD294C77B887A126CCE77CBEAF8B74640659D', serialNumber='4BB28D77EB4A4615', certificateKinds='(
    "1.2.840.113635.100.6.1.4"
), issueDate='2019-10-30 17:08:07 +0000''>', entitlements='(null)', teamID='YB3BR67396', identifier='com.vuforia.Vuforia', executablePath='<DVTFilePath:0x7fe54c6f3a40:'/Users/sarah/Library/Developer/Xcode/Archives/2020-02-07/Unity-iPhone 2-7-20, 12.04 PM.xcarchive/Products/Applications/GameChanger.app/Frameworks/Vuforia.framework/Vuforia'>', hardenedRuntime='0'>'>
2020-02-10 17:07:57 +0000  Running /usr/bin/xattr '-crs' '/var/folders/1w/2_16wnms6v956x1yq9pcgxjr0000gn/T/XcodeDistPipeline.~~~Ry66oI/Root/Payload/GameChanger.app'
2020-02-10 17:07:58 +0000  /usr/bin/xattr exited with 0
2020-02-10 17:07:58 +0000  Processing step: IDEDistributionCodesignStep
2020-02-10 17:07:58 +0000  Entitlements for <IDEDistributionItem: 0x7fe549de2330; bundleID='com.vuforia.Vuforia', path='<DVTFilePath:0x7fe52d581ae0:'/Users/sarah/Library/Developer/Xcode/Archives/2020-02-07/Unity-iPhone 2-7-20, 12.04 PM.xcarchive/Products/Applications/GameChanger.app/Frameworks/Vuforia.framework'>', codeSigningInfo='<_DVTCodeSigningInformation_Path: 0x7fe52d501030; isSigned='1', isAdHocSigned='0', signingCertificate='<DVTSigningCertificate: 0x7fe52d562d90; name='iPhone Distribution: Panasonic Automotive Systems Company of America (YB3BR67396)', hash='1D7FD294C77B887A126CCE77CBEAF8B74640659D', serialNumber='4BB28D77EB4A4615', certificateKinds='(
    "1.2.840.113635.100.6.1.4"
), issueDate='2019-10-30 17:08:07 +0000''>', entitlements='(null)', teamID='YB3BR67396', identifier='com.vuforia.Vuforia', executablePath='<DVTFilePath:0x7fe54c6f3a40:'/Users/sarah/Library/Developer/Xcode/Archives/2020-02-07/Unity-iPhone 2-7-20, 12.04 PM.xcarchive/Products/Applications/GameChanger.app/Frameworks/Vuforia.framework/Vuforia'>', hardenedRuntime='0'>'>: {
}
2020-02-10 17:07:58 +0000  Writing entitlements for <IDEDistributionItem: 0x7fe549de2330; bundleID='com.vuforia.Vuforia', path='<DVTFilePath:0x7fe52d581ae0:'/Users/sarah/Library/Developer/Xcode/Archives/2020-02-07/Unity-iPhone 2-7-20, 12.04 PM.xcarchive/Products/Applications/GameChanger.app/Frameworks/Vuforia.framework'>', codeSigningInfo='<_DVTCodeSigningInformation_Path: 0x7fe52d501030; isSigned='1', isAdHocSigned='0', signingCertificate='<DVTSigningCertificate: 0x7fe52d5a4910; name='iPhone Distribution: Panasonic Automotive Systems Company of America (YB3BR67396)', hash='1D7FD294C77B887A126CCE77CBEAF8B74640659D', serialNumber='4BB28D77EB4A4615', certificateKinds='(
    "1.2.840.113635.100.6.1.4"
), issueDate='2019-10-30 17:08:07 +0000''>', entitlements='(null)', teamID='YB3BR67396', identifier='com.vuforia.Vuforia', executablePath='<DVTFilePath:0x7fe54c6f3a40:'/Users/sarah/Library/Developer/Xcode/Archives/2020-02-07/Unity-iPhone 2-7-20, 12.04 PM.xcarchive/Products/Applications/GameChanger.app/Frameworks/Vuforia.framework/Vuforia'>', hardenedRuntime='0'>'> to: /var/folders/1w/2_16wnms6v956x1yq9pcgxjr0000gn/T/XcodeDistPipeline.~~~Ry66oI/entitlements~~~riXC3N
2020-02-10 17:07:58 +0000  Running /usr/bin/codesign '-vvv' '--force' '--sign' '1D7FD294C77B887A126CCE77CBEAF8B74640659D' '--entitlements' '/var/folders/1w/2_16wnms6v956x1yq9pcgxjr0000gn/T/XcodeDistPipeline.~~~Ry66oI/entitlements~~~riXC3N' '--preserve-metadata=identifier,flags,runtime' '/var/folders/1w/2_16wnms6v956x1yq9pcgxjr0000gn/T/XcodeDistPipeline.~~~Ry66oI/Root/Payload/GameChanger.app/Frameworks/Vuforia.framework'
2020-02-10 17:07:58 +0000  /var/folders/1w/2_16wnms6v956x1yq9pcgxjr0000gn/T/XcodeDistPipeline.~~~Ry66oI/Root/Payload/GameChanger.app/Frameworks/Vuforia.framework: signed bundle with Mach-O thin (arm64) [com.vuforia.Vuforia]
2020-02-10 17:07:58 +0000  /usr/bin/codesign exited with 0
2020-02-10 17:07:58 +0000  Entitlements for <IDEDistributionItem: 0x7fe52d56f560; bundleID='com.PASA.GameChanger', path='<DVTFilePath:0x7fe54c080ed0:'/Users/sarah/Library/Developer/Xcode/Archives/2020-02-07/Unity-iPhone 2-7-20, 12.04 PM.xcarchive/Products/Applications/GameChanger.app'>', codeSigningInfo='<_DVTCodeSigningInformation_Path: 0x7fe52d5010c0; isSigned='1', isAdHocSigned='0', signingCertificate='<DVTSigningCertificate: 0x7fe54ae31ae0; name='iPhone Distribution: Panasonic Automotive Systems Company of America (YB3BR67396)', hash='1D7FD294C77B887A126CCE77CBEAF8B74640659D', serialNumber='4BB28D77EB4A4615', certificateKinds='(
    "1.2.840.113635.100.6.1.4"
), issueDate='2019-10-30 17:08:07 +0000''>', entitlements='{
    "application-identifier" = "YB3BR67396.com.PASA.GameChanger";
    "com.apple.developer.team-identifier" = YB3BR67396;
    "get-task-allow" = 0;
    "keychain-access-groups" =     (
        "YB3BR67396.com.PASA.GameChanger"
    );
}', teamID='YB3BR67396', identifier='com.PASA.GameChanger', executablePath='<DVTFilePath:0x7fe54ae20fa0:'/Users/sarah/Library/Developer/Xcode/Archives/2020-02-07/Unity-iPhone 2-7-20, 12.04 PM.xcarchive/Products/Applications/GameChanger.app/GameChanger'>', hardenedRuntime='0'>'>: {
    "application-identifier" = "YB3BR67396.com.PASA.GameChanger";
    "com.apple.developer.team-identifier" = YB3BR67396;
    "get-task-allow" = 0;
    "keychain-access-groups" =     (
        "YB3BR67396.com.PASA.GameChanger"
    );
}
2020-02-10 17:07:58 +0000  Writing entitlements for <IDEDistributionItem: 0x7fe52d56f560; bundleID='com.PASA.GameChanger', path='<DVTFilePath:0x7fe54c080ed0:'/Users/sarah/Library/Developer/Xcode/Archives/2020-02-07/Unity-iPhone 2-7-20, 12.04 PM.xcarchive/Products/Applications/GameChanger.app'>', codeSigningInfo='<_DVTCodeSigningInformation_Path: 0x7fe52d5010c0; isSigned='1', isAdHocSigned='0', signingCertificate='<DVTSigningCertificate: 0x7fe54c6f03d0; name='iPhone Distribution: Panasonic Automotive Systems Company of America (YB3BR67396)', hash='1D7FD294C77B887A126CCE77CBEAF8B74640659D', serialNumber='4BB28D77EB4A4615', certificateKinds='(
    "1.2.840.113635.100.6.1.4"
), issueDate='2019-10-30 17:08:07 +0000''>', entitlements='{
    "application-identifier" = "YB3BR67396.com.PASA.GameChanger";
    "com.apple.developer.team-identifier" = YB3BR67396;
    "get-task-allow" = 0;
    "keychain-access-groups" =     (
        "YB3BR67396.com.PASA.GameChanger"
    );
}', teamID='YB3BR67396', identifier='com.PASA.GameChanger', executablePath='<DVTFilePath:0x7fe54ae20fa0:'/Users/sarah/Library/Developer/Xcode/Archives/2020-02-07/Unity-iPhone 2-7-20, 12.04 PM.xcarchive/Products/Applications/GameChanger.app/GameChanger'>', hardenedRuntime='0'>'> to: /var/folders/1w/2_16wnms6v956x1yq9pcgxjr0000gn/T/XcodeDistPipeline.~~~Ry66oI/entitlements~~~DJfcV0
2020-02-10 17:07:58 +0000  Running /usr/bin/codesign '-vvv' '--force' '--sign' '1D7FD294C77B887A126CCE77CBEAF8B74640659D' '--entitlements' '/var/folders/1w/2_16wnms6v956x1yq9pcgxjr0000gn/T/XcodeDistPipeline.~~~Ry66oI/entitlements~~~DJfcV0' '--preserve-metadata=identifier,flags,runtime' '/var/folders/1w/2_16wnms6v956x1yq9pcgxjr0000gn/T/XcodeDistPipeline.~~~Ry66oI/Root/Payload/GameChanger.app'
2020-02-10 17:07:59 +0000  /var/folders/1w/2_16wnms6v956x1yq9pcgxjr0000gn/T/XcodeDistPipeline.~~~Ry66oI/Root/Payload/GameChanger.app: signed app bundle with Mach-O thin (arm64) [com.PASA.GameChanger]
2020-02-10 17:07:59 +0000  /usr/bin/codesign exited with 0
2020-02-10 17:07:59 +0000  Processing step: IDEDistributionZipODRItemStep
2020-02-10 17:07:59 +0000  Skipping step: IDEDistributionZipODRItemStep because it said so
2020-02-10 17:07:59 +0000  Skipping step: IDEDistributionZipODRItemStep because it said so
2020-02-10 17:07:59 +0000  Processing step: IDEDistributionCreateIPAStep
2020-02-10 17:07:59 +0000  Running /usr/bin/ditto '-V' '-c' '-k' '--norsrc' '/var/folders/1w/2_16wnms6v956x1yq9pcgxjr0000gn/T/XcodeDistPipeline.~~~Ry66oI/Root' '/var/folders/1w/2_16wnms6v956x1yq9pcgxjr0000gn/T/XcodeDistPipeline.~~~Ry66oI/Packages/Unity-iPhone.ipa'
2020-02-10 17:07:59 +0000  >>> Copying /var/folders/1w/2_16wnms6v956x1yq9pcgxjr0000gn/T/XcodeDistPipeline.~~~Ry66oI/Root 
2020-02-10 17:07:59 +0000  copying file ./Payload/GameChanger.app/_CodeSignature/CodeResources ... 
2020-02-10 17:07:59 +0000  19027 bytes for ./Payload/GameChanger.app/_CodeSignature/CodeResources
copying file ./Payload/GameChanger.app/LaunchImage-1100-Portrait-2436h@3x.png ... 
2020-02-10 17:07:59 +0000  14552 bytes for ./Payload/GameChanger.app/LaunchImage-1100-Portrait-2436h@3x.png
copying file ./Payload/GameChanger.app/LaunchImage-1200-Landscape-1792h@2x.png ... 
2020-02-10 17:07:59 +0000  7622 bytes for ./Payload/GameChanger.app/LaunchImage-1200-Landscape-1792h@2x.png
copying file ./Payload/GameChanger.app/LaunchScreen-iPhonePortrait.png ... 
138 bytes for ./Payload/GameChanger.app/LaunchScreen-iPhonePortrait.png
copying file ./Payload/GameChanger.app/LaunchScreen-iPhoneLandscape.png ... 
2020-02-10 17:07:59 +0000  138 bytes for ./Payload/GameChanger.app/LaunchScreen-iPhoneLandscape.png
copying file ./Payload/GameChanger.app/LaunchScreen-iPad.nib/objects-13.0+.nib ... 
1482 bytes for ./Payload/GameChanger.app/LaunchScreen-iPad.nib/objects-13.0+.nib
copying file ./Payload/GameChanger.app/LaunchScreen-iPad.nib/runtime.nib ... 
2020-02-10 17:07:59 +0000  1482 bytes for ./Payload/GameChanger.app/LaunchScreen-iPad.nib/runtime.nib
copying file ./Payload/GameChanger.app/LaunchScreen-iPhone.nib/objects-13.0+.nib ... 
2020-02-10 17:07:59 +0000  1492 bytes for ./Payload/GameChanger.app/LaunchScreen-iPhone.nib/objects-13.0+.nib
copying file ./Payload/GameChanger.app/LaunchScreen-iPhone.nib/runtime.nib ... 
2020-02-10 17:07:59 +0000  1492 bytes for ./Payload/GameChanger.app/LaunchScreen-iPhone.nib/runtime.nib
copying file ./Payload/GameChanger.app/AppIcon60x60@2x.png ... 
2020-02-10 17:07:59 +0000  17787 bytes for ./Payload/GameChanger.app/AppIcon60x60@2x.png
copying file ./Payload/GameChanger.app/LaunchImage-1100-Landscape-2436h@3x.png ... 
2020-02-10 17:07:59 +0000  12707 bytes for ./Payload/GameChanger.app/LaunchImage-1100-Landscape-2436h@3x.png
copying file ./Payload/GameChanger.app/LaunchImage-800-667h@2x.png ... 
2020-02-10 17:07:59 +0000  5949 bytes for ./Payload/GameChanger.app/LaunchImage-800-667h@2x.png
copying file ./Payload/GameChanger.app/LaunchImage-1200-Portrait-2688h@3x.png ... 
2020-02-10 17:07:59 +0000  17633 bytes for ./Payload/GameChanger.app/LaunchImage-1200-Portrait-2688h@3x.png
2020-02-10 17:07:59 +0000  copying file ./Payload/GameChanger.app/LaunchScreen-iPad.png ... 
138 bytes for ./Payload/GameChanger.app/LaunchScreen-iPad.png
copying file ./Payload/GameChanger.app/LaunchImage-700-Portrait~ipad.png ... 
2020-02-10 17:07:59 +0000  4691 bytes for ./Payload/GameChanger.app/LaunchImage-700-Portrait~ipad.png
copying file ./Payload/GameChanger.app/Assets.car ... 
2020-02-10 17:07:59 +0000  614072 bytes for ./Payload/GameChanger.app/Assets.car
copying file ./Payload/GameChanger.app/AppIcon76x76@2x~ipad.png ... 
2020-02-10 17:07:59 +0000  25893 bytes for ./Payload/GameChanger.app/AppIcon76x76@2x~ipad.png
copying file ./Payload/GameChanger.app/LaunchImage-800-Portrait-736h@3x.png ... 
2020-02-10 17:07:59 +0000  14196 bytes for ./Payload/GameChanger.app/LaunchImage-800-Portrait-736h@3x.png
copying file ./Payload/GameChanger.app/GameChanger ... 
2020-02-10 17:07:59 +0000  23216544 bytes for ./Payload/GameChanger.app/GameChanger
copying file ./Payload/GameChanger.app/LaunchImage-700@2x.png ... 
2020-02-10 17:07:59 +0000  3933 bytes for ./Payload/GameChanger.app/LaunchImage-700@2x.png
copying file ./Payload/GameChanger.app/LaunchImage-700-568h@2x.png ... 
4617 bytes for ./Payload/GameChanger.app/LaunchImage-700-568h@2x.png
copying file ./Payload/GameChanger.app/LaunchImage-1200-Portrait-1792h@2x.png ... 
8862 bytes for ./Payload/GameChanger.app/LaunchImage-1200-Portrait-1792h@2x.png
copying file ./Payload/GameChanger.app/LaunchImage-700-Landscape@2x~ipad.png ... 
2020-02-10 17:07:59 +0000  14943 bytes for ./Payload/GameChanger.app/LaunchImage-700-Landscape@2x~ipad.png
copying file ./Payload/GameChanger.app/Frameworks/Vuforia.framework/_CodeSignature/CodeResources ... 
2020-02-10 17:07:59 +0000  2232 bytes for ./Payload/GameChanger.app/Frameworks/Vuforia.framework/_CodeSignature/CodeResources
copying file ./Payload/GameChanger.app/Frameworks/Vuforia.framework/Vuforia.meta ... 
155 bytes for ./Payload/GameChanger.app/Frameworks/Vuforia.framework/Vuforia.meta
copying file ./Payload/GameChanger.app/Frameworks/Vuforia.framework/Info.plist.meta ... 
2020-02-10 17:07:59 +0000  155 bytes for ./Payload/GameChanger.app/Frameworks/Vuforia.framework/Info.plist.meta
copying file ./Payload/GameChanger.app/Frameworks/Vuforia.framework/Vuforia ... 
2020-02-10 17:08:00 +0000  19082896 bytes for ./Payload/GameChanger.app/Frameworks/Vuforia.framework/Vuforia
copying file ./Payload/GameChanger.app/Frameworks/Vuforia.framework/Info.plist ... 
2020-02-10 17:08:00 +0000  754 bytes for ./Payload/GameChanger.app/Frameworks/Vuforia.framework/Info.plist
copying file ./Payload/GameChanger.app/Vuforia/VuforiaMars_VuMark.xml ... 
174 bytes for ./Payload/GameChanger.app/Vuforia/VuforiaMars_VuMark.xml
copying file ./Payload/GameChanger.app/Vuforia/koi_model.dat ... 
2020-02-10 17:08:00 +0000  906338 bytes for ./Payload/GameChanger.app/Vuforia/koi_model.dat
copying file ./Payload/GameChanger.app/Vuforia/koi_model.xml ... 
2020-02-10 17:08:00 +0000  1455 bytes for ./Payload/GameChanger.app/Vuforia/koi_model.xml
copying file ./Payload/GameChanger.app/Vuforia/VuforiaMars_VuMark.dat ... 
2020-02-10 17:08:00 +0000  36825 bytes for ./Payload/GameChanger.app/Vuforia/VuforiaMars_VuMark.dat
copying file ./Payload/GameChanger.app/Vuforia/PANA09-13.dat ... 
2020-02-10 17:08:00 +0000  51831 bytes for ./Payload/GameChanger.app/Vuforia/PANA09-13.dat
copying file ./Payload/GameChanger.app/Vuforia/PANA09-13.xml ... 
2020-02-10 17:08:00 +0000  323 bytes for ./Payload/GameChanger.app/Vuforia/PANA09-13.xml
copying file ./Payload/GameChanger.app/Vuforia/VuforiaMars_Images.dat ... 
2020-02-10 17:08:00 +0000  801555 bytes for ./Payload/GameChanger.app/Vuforia/VuforiaMars_Images.dat
copying file ./Payload/GameChanger.app/Vuforia/VuforiaMars_Images.xml ... 
2020-02-10 17:08:00 +0000  1512 bytes for ./Payload/GameChanger.app/Vuforia/VuforiaMars_Images.xml
copying file ./Payload/GameChanger.app/embedded.mobileprovision ... 
2020-02-10 17:08:00 +0000  7822 bytes for ./Payload/GameChanger.app/embedded.mobileprovision
2020-02-10 17:08:00 +0000  copying file ./Payload/GameChanger.app/Data/Managed/TypesInScenes.xml ... 
7975 bytes for ./Payload/GameChanger.app/Data/Managed/TypesInScenes.xml
copying file ./Payload/GameChanger.app/Data/Managed/Resources/mscorlib.dll-resources.dat ... 
2020-02-10 17:08:00 +0000  337563 bytes for ./Payload/GameChanger.app/Data/Managed/Resources/mscorlib.dll-resources.dat
2020-02-10 17:08:00 +0000  copying file ./Payload/GameChanger.app/Data/Managed/UnityLinkerToEditorData.json ... 
27 bytes for ./Payload/GameChanger.app/Data/Managed/UnityLinkerToEditorData.json
copying file ./Payload/GameChanger.app/Data/Managed/mono/2.0/machine.config ... 
2020-02-10 17:08:00 +0000  27625 bytes for ./Payload/GameChanger.app/Data/Managed/mono/2.0/machine.config
2020-02-10 17:08:00 +0000  copying file ./Payload/GameChanger.app/Data/Managed/mono/4.0/machine.config ... 
2020-02-10 17:08:00 +0000  33648 bytes for ./Payload/GameChanger.app/Data/Managed/mono/4.0/machine.config
2020-02-10 17:08:00 +0000  copying file ./Payload/GameChanger.app/Data/Managed/EditorToUnityLinkerData.json ... 
2020-02-10 17:08:00 +0000  64784 bytes for ./Payload/GameChanger.app/Data/Managed/EditorToUnityLinkerData.json
2020-02-10 17:08:00 +0000  copying file ./Payload/GameChanger.app/Data/Managed/Metadata/global-metadata.dat ... 
2020-02-10 17:08:00 +0000  2694088 bytes for ./Payload/GameChanger.app/Data/Managed/Metadata/global-metadata.dat
2020-02-10 17:08:00 +0000  copying file ./Payload/GameChanger.app/Data/sharedassets0.resource ... 
2020-02-10 17:08:01 +0000  6634278 bytes for ./Payload/GameChanger.app/Data/sharedassets0.resource
copying file ./Payload/GameChanger.app/Data/globalgamemanagers ... 
2020-02-10 17:08:01 +0000  48696 bytes for ./Payload/GameChanger.app/Data/globalgamemanagers
copying file ./Payload/GameChanger.app/Data/sharedassets1.assets.resS ... 
2020-02-10 17:08:02 +0000  56626940 bytes for ./Payload/GameChanger.app/Data/sharedassets1.assets.resS
copying file ./Payload/GameChanger.app/Data/sharedassets1.assets ... 
2020-02-10 17:08:02 +0000  12244916 bytes for ./Payload/GameChanger.app/Data/sharedassets1.assets
copying file ./Payload/GameChanger.app/Data/boot.config ... 
2020-02-10 17:08:02 +0000  123 bytes for ./Payload/GameChanger.app/Data/boot.config
copying file ./Payload/GameChanger.app/Data/resources.assets ... 
2020-02-10 17:08:02 +0000  2820124 bytes for ./Payload/GameChanger.app/Data/resources.assets
2020-02-10 17:08:02 +0000  copying file ./Payload/GameChanger.app/Data/Resources/unity_builtin_extra ... 
2020-02-10 17:08:02 +0000  682364 bytes for ./Payload/GameChanger.app/Data/Resources/unity_builtin_extra
copying file ./Payload/GameChanger.app/Data/unity default resources ... 
2020-02-10 17:08:02 +0000  6345772 bytes for ./Payload/GameChanger.app/Data/unity default resources
copying file ./Payload/GameChanger.app/Data/sharedassets0.assets.resS ... 
2020-02-10 17:08:03 +0000  4222780 bytes for ./Payload/GameChanger.app/Data/sharedassets0.assets.resS
copying file ./Payload/GameChanger.app/Data/sharedassets0.assets ... 
2020-02-10 17:08:03 +0000  459148 bytes for ./Payload/GameChanger.app/Data/sharedassets0.assets
copying file ./Payload/GameChanger.app/Data/globalgamemanagers.assets.resS ... 
2020-02-10 17:08:03 +0000  12446876 bytes for ./Payload/GameChanger.app/Data/globalgamemanagers.assets.resS
copying file ./Payload/GameChanger.app/Data/level0 ... 
2020-02-10 17:08:03 +0000  19680 bytes for ./Payload/GameChanger.app/Data/level0
copying file ./Payload/GameChanger.app/Data/level1 ... 
2020-02-10 17:08:03 +0000  209796 bytes for ./Payload/GameChanger.app/Data/level1
2020-02-10 17:08:03 +0000  copying file ./Payload/GameChanger.app/Data/Raw/Vuforia/VuforiaMars_VuMark.xml ... 
174 bytes for ./Payload/GameChanger.app/Data/Raw/Vuforia/VuforiaMars_VuMark.xml
copying file ./Payload/GameChanger.app/Data/Raw/Vuforia/koi_model.dat ... 
2020-02-10 17:08:03 +0000  906338 bytes for ./Payload/GameChanger.app/Data/Raw/Vuforia/koi_model.dat
copying file ./Payload/GameChanger.app/Data/Raw/Vuforia/koi_model.xml ... 
2020-02-10 17:08:03 +0000  1455 bytes for ./Payload/GameChanger.app/Data/Raw/Vuforia/koi_model.xml
copying file ./Payload/GameChanger.app/Data/Raw/Vuforia/VuforiaMars_VuMark.dat ... 
2020-02-10 17:08:03 +0000  36825 bytes for ./Payload/GameChanger.app/Data/Raw/Vuforia/VuforiaMars_VuMark.dat
copying file ./Payload/GameChanger.app/Data/Raw/Vuforia/PANA09-13.dat ... 
2020-02-10 17:08:03 +0000  51831 bytes for ./Payload/GameChanger.app/Data/Raw/Vuforia/PANA09-13.dat
copying file ./Payload/GameChanger.app/Data/Raw/Vuforia/PANA09-13.xml ... 
2020-02-10 17:08:03 +0000  323 bytes for ./Payload/GameChanger.app/Data/Raw/Vuforia/PANA09-13.xml
copying file ./Payload/GameChanger.app/Data/Raw/Vuforia/VuforiaMars_Images.dat ... 
2020-02-10 17:08:03 +0000  801555 bytes for ./Payload/GameChanger.app/Data/Raw/Vuforia/VuforiaMars_Images.dat
copying file ./Payload/GameChanger.app/Data/Raw/Vuforia/VuforiaMars_Images.xml ... 
2020-02-10 17:08:03 +0000  1512 bytes for ./Payload/GameChanger.app/Data/Raw/Vuforia/VuforiaMars_Images.xml
copying file ./Payload/GameChanger.app/Data/globalgamemanagers.assets ... 
2020-02-10 17:08:03 +0000  90076 bytes for ./Payload/GameChanger.app/Data/globalgamemanagers.assets
2020-02-10 17:08:03 +0000  copying file ./Payload/GameChanger.app/LaunchImage-800-Landscape-736h@3x.png ... 
12887 bytes for ./Payload/GameChanger.app/LaunchImage-800-Landscape-736h@3x.png
copying file ./Payload/GameChanger.app/LaunchImage-700-Portrait@2x~ipad.png ... 
2020-02-10 17:08:03 +0000  15515 bytes for ./Payload/GameChanger.app/LaunchImage-700-Portrait@2x~ipad.png
copying file ./Payload/GameChanger.app/LaunchImage-700-Landscape~ipad.png ... 
2020-02-10 17:08:03 +0000  4433 bytes for ./Payload/GameChanger.app/LaunchImage-700-Landscape~ipad.png
copying file ./Payload/GameChanger.app/Info.plist ... 
2020-02-10 17:08:03 +0000  2678 bytes for ./Payload/GameChanger.app/Info.plist
copying file ./Payload/GameChanger.app/profile.json ... 
2020-02-10 17:08:03 +0000  33201 bytes for ./Payload/GameChanger.app/profile.json
copying file ./Payload/GameChanger.app/LaunchImage-1200-Landscape-2688h@3x.png ... 
2020-02-10 17:08:03 +0000  15608 bytes for ./Payload/GameChanger.app/LaunchImage-1200-Landscape-2688h@3x.png
copying file ./Payload/GameChanger.app/PkgInfo ... 
2020-02-10 17:08:03 +0000  8 bytes for ./Payload/GameChanger.app/PkgInfo
2020-02-10 17:08:03 +0000  /usr/bin/ditto exited with 0
2020-02-10 17:08:03 +0000  Processing step: IDEDistributionAppStoreInformationStep
2020-02-10 17:08:03 +0000  Skipping step: IDEDistributionAppStoreInformationStep because it said so
2020-02-10 17:08:03 +0000  Processing step: IDEDistributionGenerateProcessedDistributionItems
2020-02-10 17:08:03 +0000  Processing step: IDEDistributionCreateManifestStep
